<?xml version="1.0" encoding="UTF-8"?>
<!-- Generated by org.testng.reporters.JUnitXMLReporter -->
<testsuite hostname="LAPTOP-UIFB6OJH" ignored="0" name="Command line test" tests="2" failures="0" timestamp="2021-04-30T14:09:45 PDT" time="0.13" errors="0">
  <testcase name="@BeforeMethod setUp" time="0.056" classname="TestCases.LoginPageTest">
    <failure type="java.lang.IllegalStateException" message="The driver executable does not exist: C:\Users\Swapna\eclipse-workspace\TrackpayoutTestingC:\Users\Swapna\eclipse-workspace\TrackpayoutTesting\src\main\resources\chromedriver.exe">
      <![CDATA[java.lang.IllegalStateException: The driver executable does not exist: C:\Users\Swapna\eclipse-workspace\TrackpayoutTestingC:\Users\Swapna\eclipse-workspace\TrackpayoutTesting\src\main\resources\chromedriver.exe
at com.google.common.base.Preconditions.checkState(Preconditions.java:585)
at org.openqa.selenium.remote.service.DriverService.checkExecutable(DriverService.java:146)
at org.openqa.selenium.remote.service.DriverService.findExecutable(DriverService.java:141)
at org.openqa.selenium.chrome.ChromeDriverService.access$000(ChromeDriverService.java:35)
at org.openqa.selenium.chrome.ChromeDriverService$Builder.findDefaultExecutable(ChromeDriverService.java:159)
at org.openqa.selenium.remote.service.DriverService$Builder.build(DriverService.java:355)
at org.openqa.selenium.chrome.ChromeDriverService.createDefaultService(ChromeDriverService.java:94)
at org.openqa.selenium.chrome.ChromeDriver.<init>(ChromeDriver.java:123)
at SetUp.TestSetUp.initialization(TestSetUp.java:34)
at TestCases.LoginPageTest.setUp(LoginPageTest.java:22)
at java.util.ArrayList.forEach(ArrayList.java:1259)
... Removed 40 stack frames]]>
    </failure>
  </testcase> <!-- @BeforeMethod setUp -->
  <testcase name="@AfterMethod tearDown" time="-1.619816985411E9" classname="TestCases.LoginPageTest">
    <skipped/>
  </testcase> <!-- @AfterMethod tearDown -->
  <testcase name="@BeforeMethod setUp" time="-1.619816985411E9" classname="TestCases.LoginPageTest">
    <skipped/>
  </testcase> <!-- @BeforeMethod setUp -->
  <testcase name="@AfterMethod tearDown" time="-1.619816985412E9" classname="TestCases.LoginPageTest">
    <skipped/>
  </testcase> <!-- @AfterMethod tearDown -->
  <testcase name="invalidLoginTest" time="0.0" classname="TestCases.LoginPageTest">
    <skipped/>
  </testcase> <!-- invalidLoginTest -->
  <testcase name="loginTest" time="0.0" classname="TestCases.LoginPageTest">
    <skipped/>
  </testcase> <!-- loginTest -->
</testsuite> <!-- Command line test -->
